*** Starting uWSGI 2.0.21 (64bit) on [Wed Feb  8 23:47:07 2023] ***
compiled with version: 9.4.0 on 04 February 2023 17:38:44
os: Linux-5.15.0-1028-aws #32~20.04.1-Ubuntu SMP Mon Jan 9 18:02:08 UTC 2023
nodename: ip-172-31-17-4
machine: x86_64
clock source: unix
detected number of CPU cores: 1
current working directory: /home/ubuntu/demo/UCIDishesRating/mysite
detected binary path: /home/ubuntu/demo/bin/uwsgi
!!! no internal routing support, rebuild with pcre support !!!
chdir() to /home/ubuntu/demo/UCIDishesRating/mysite
your processes number limit is 3811
your memory page size is 4096 bytes
detected max file descriptor number: 1024
lock engine: pthread robust mutexes
thunder lock: disabled (you can enable it with --thunder-lock)
uwsgi socket 0 bound to UNIX address /home/ubuntu/demo/UCIDishesRating/mysite/mysite.sock fd 3
Python version: 3.8.10 (default, Nov 14 2022, 12:59:47)  [GCC 9.4.0]
PEP 405 virtualenv detected: /home/ubuntu/demo
Set PythonHome to /home/ubuntu/demo
*** Python threads support is disabled. You can enable it with --enable-threads ***
Python main interpreter initialized at 0x561b83a3d6e0
your server socket listen backlog is limited to 100 connections
your mercy for graceful operations on workers is 60 seconds
mapped 801944 bytes (783 KB) for 10 cores
*** Operational MODE: preforking ***
WSGI app 0 (mountpoint='') ready in 0 seconds on interpreter 0x561b83a3d6e0 pid: 1487 (default app)
*** uWSGI is running in multiple interpreter mode ***
spawned uWSGI master process (pid: 1487)
spawned uWSGI worker 1 (pid: 1489, cores: 1)
spawned uWSGI worker 2 (pid: 1490, cores: 1)
spawned uWSGI worker 3 (pid: 1491, cores: 1)
spawned uWSGI worker 4 (pid: 1492, cores: 1)
spawned uWSGI worker 5 (pid: 1493, cores: 1)
spawned uWSGI worker 6 (pid: 1494, cores: 1)
spawned uWSGI worker 7 (pid: 1495, cores: 1)
spawned uWSGI worker 8 (pid: 1496, cores: 1)
spawned uWSGI worker 9 (pid: 1497, cores: 1)
spawned uWSGI worker 10 (pid: 1498, cores: 1)
Hamburger
comment
<QuerySet [<Comments: I feel like this is a shit>, <Comments: A>, <Comments: wdadwa>, <Comments: why people are saying strange things>, <Comments: idk
>, <Comments: idk
>, <Comments: idk
>, <Comments: ew>, <Comments: ew>, <Comments: sd>, <Comments: I am fucking curly david!>]>
[pid: 1492|app: 0|req: 1/1] 169.234.40.212 () {64 vars in 1184 bytes} [Wed Feb  8 15:47:11 2023] GET /dishes/1 => generated 19195 bytes in 58 msecs (HTTP/1.1 200) 8 headers in 359 bytes (1 switches on core 0)
Hamburger
comment
<QuerySet [<Comments: I feel like this is a shit>, <Comments: A>, <Comments: wdadwa>, <Comments: why people are saying strange things>, <Comments: idk
>, <Comments: idk
>, <Comments: idk
>, <Comments: ew>, <Comments: ew>, <Comments: sd>, <Comments: I am fucking curly david!>]>
[pid: 1498|app: 0|req: 1/2] 169.234.40.212 () {64 vars in 1184 bytes} [Wed Feb  8 15:47:12 2023] GET /dishes/1 => generated 19195 bytes in 59 msecs (HTTP/1.1 200) 8 headers in 359 bytes (1 switches on core 0)
[pid: 1494|app: 0|req: 1/3] 169.234.40.212 () {62 vars in 1137 bytes} [Wed Feb  8 15:47:16 2023] GET / => generated 7668 bytes in 33 msecs (HTTP/1.1 200) 6 headers in 208 bytes (1 switches on core 0)
[pid: 1498|app: 0|req: 2/4] 169.234.40.212 () {62 vars in 1129 bytes} [Wed Feb  8 15:47:17 2023] GET / => generated 7668 bytes in 3 msecs (HTTP/1.1 200) 6 headers in 208 bytes (1 switches on core 0)
[pid: 1495|app: 0|req: 1/5] 169.234.40.212 () {64 vars in 1160 bytes} [Wed Feb  8 15:47:23 2023] GET / => generated 7668 bytes in 37 msecs (HTTP/1.1 200) 6 headers in 208 bytes (2 switches on core 0)
[pid: 1498|app: 0|req: 3/6] 169.234.40.212 () {64 vars in 1160 bytes} [Wed Feb  8 15:47:23 2023] GET / => generated 7668 bytes in 2 msecs (HTTP/1.1 200) 6 headers in 208 bytes (1 switches on core 0)
